0; 320 * 200;16;4
1; 640 * 400;16;4
2; 640 * 480;16;4
3; 800 * 600;16;4
4;1024 * 768;16;4
5;1280 * 1024;16;4
6;1600 * 1200;16;4
10; 320 * 200;256;8
11; 640 * 400;256;8
12; 640 * 480;256;8
13; 800 * 600;256;8
14;1024 * 768;256;8
15;1280 * 1024;256;8
16;1600 * 1200;256;8
20; 320 * 200;32K;15
21; 640 * 400;32K;15
22; 640 * 480;32K;15
23; 800 * 600;32K;15
24;1024 * 768;32K;15
25;1280 * 1024;32K;15
26;1600 * 1200;32K;15
30; 320 * 200;64K;16
31; 640 * 400;64K;16
32; 640 * 480;64K;16
33; 800 * 600;64K;16
34;1024 * 768;64K;16
35;1280 * 1024;64K;16
36;1600 * 1200;64K;16
40; 320 * 200;16M;24
41; 640 * 400;16M;24
42; 640 * 480;16M;24
43; 800 * 600;16M;24
44;1024 * 768;16M;24
45;1280 * 1024;16M;24
46;1600 * 1200;16M;24
50; 320 * 200;4Bi;32
51; 640 * 400;4Bi;32
52; 640 * 480;4Bi;32
53; 800 * 600;4Bi;32
54;1024 * 768;4Bi;32
55;1280 * 1024;4Bi;32
56;1600 * 1200;4Bi;32
