F1;000;059;F1
F2;000;060;F2
F3;000;061;F3
F4;000;062;F4
F5;000;063;F5
F6;000;064;F6
F7;000;065;F7
F8;000;066;F8
F9;000;067;F9
F10;000;068;F10
Ctrl+A;001;016;A
Ctrl+B;002;048;B
Ctrl+C;003;046;C
  Ctrl+D;003;046;D
Ctrl+E;005;018;E
Ctrl+F;006;033;F
Ctrl+G;007;034;G
Ctrl+H;008;035;H
Ctrl+I;009;023;I
Ctrl+J;010;036;J
Ctrl+K;011;037;K
Ctrl+L;012;038;L
Ctrl+M;013;039;M
Ctrl+N;014;049;N
Ctrl+O;015;024;O
Ctrl+P;016;025;P
Ctrl+Q;017;030;Q
Ctrl+R;018;019;R
Ctrl+S;019;031;S
Ctrl+T;020;020;T
Ctrl+U;021;022;U
Ctrl+V;022;047;V
Ctrl+W;023;044;W
Ctrl+X;024;045;X
Ctrl+Y;025;021;Y
Ctrl+Z;026;017;Z
Ctrl+F1;000;094;F1
Ctrl+F2;000;095;F2
Ctrl+F3;000;096;F3
Ctrl+F4;000;097;F4
Ctrl+F5;000;098;F5
Ctrl+F6;000;099;F6
Ctrl+F7;000;100;F7
Ctrl+F8;000;101;F8
Ctrl+F9;000;102;F9
Ctrl+F10;000;103;F10
Alt+A;000;030;A
Alt+B;000;048;B
Alt+C;000;046;C
Alt+D;000;032;D
Alt+E;000;018;E
Alt+F;000;033;F
Alt+G;000;034;G
Alt+H;000;035;H
Alt+I;000;023;I
Alt+J;000;036;J
Alt+K;000;037;K
Alt+L;000;038;L
Alt+M;000;050;M
Alt+N;000;049;N
Alt+O;000;024;O
Alt+P;000;025;P
Alt+Q;000;016;Q
Alt+R;000;019;R
Alt+S;000;031;S
Alt+T;000;020;T
Alt+U;000;022;U
Alt+V;000;047;V
Alt+W;000;017;W
Alt+X;000;045;X
Alt+Y;000;021;Y
Alt+Z;000;044;Z
Alt+F1;000;104;F1
Alt+F2;000;105;F2
Alt+F3;000;106;F3
Alt+F4;000;107;F4
Alt+F5;000;108;F5
Alt+F6;000;109;F6
Alt+F7;000;110;F7
Alt+F8;000;111;F8
Alt+F9;000;112;F9
Alt+F10;000;113;F10
Shift+A;065;016;A
Shift+B;066;048;B
Shift+C;067;046;C
Shift+D;068;032;D
Shift+E;069;018;E
Shift+F;070;033;F
Shift+G;071;034;G
Shift+H;072;035;H
Shift+I;073;023;I
Shift+J;074;036;J
Shift+K;075;037;K
Shift+L;076;038;L
Shift+M;077;039;M
Shift+N;078;049;N
Shift+O;079;024;O
Shift+P;080;025;P
Shift+Q;081;030;Q
Shift+R;082;019;R
Shift+S;083;031;S
Shift+T;084;020;T
Shift+U;085;022;U
Shift+V;086;047;V
Shift+W;087;044;W
Shift+X;088;045;X
Shift+Y;089;021;Y
Shift+Z;090;017;Z
Shift+F1;000;084;F1
Shift+F2;000;085;F2
Shift+F3;000;086;F3
Shift+F4;000;087;F4
Shift+F5;000;088;F5
Shift+F6;000;089;F6
Shift+F7;000;090;F7
Shift+F8;000;091;F8
Shift+F9;000;092;F9
Shift+F10;000;093;F10
Ctrl+Alt+A;000;016;A
Ctrl+Alt+B;000;048;B
Ctrl+Alt+C;000;046;C
Ctrl+Alt+D;000;032;D
Ctrl+Alt+E;000;018;E
Ctrl+Alt+F;000;033;F
Ctrl+Alt+G;000;034;G
Ctrl+Alt+H;000;035;H
Ctrl+Alt+I;000;023;I
Ctrl+Alt+J;000;036;J
Ctrl+Alt+K;000;037;K
Ctrl+Alt+L;000;038;L
Ctrl+Alt+M;000;049;M
Ctrl+Alt+N;000;024;N
Ctrl+Alt+O;000;025;O
Ctrl+Alt+P;000;030;P
Ctrl+Alt+Q;000;019;Q
Ctrl+Alt+R;000;031;R
Ctrl+Alt+S;000;020;S
Ctrl+Alt+T;000;022;T
Ctrl+Alt+U;000;047;U
Ctrl+Alt+V;000;044;V
Ctrl+Alt+W;000;045;W
Ctrl+Alt+X;000;021;X
Ctrl+Alt+Y;000;017;Y
Ctrl+Alt+F1;000;104;F1
Ctrl+Alt+F2;000;105;F2
Ctrl+Alt+F3;000;106;F3
Ctrl+Alt+F4;000;107;F4
Ctrl+Alt+F5;000;108;F5
Ctrl+Alt+F6;000;109;F6
Ctrl+Alt+F7;000;110;F7
Ctrl+Alt+F8;000;111;F8
Ctrl+Alt+F9;000;112;F9
Ctrl+Alt+F10;000;113;F10
Ins;000;082;Ins
Shift+Ins;000;005;Ins
Ctrl+Ins;000;004;Ins
Suppr;000;083;Suppr
Shift+Suppr;000;007;Suppr
Ctrl+Suppr;000;006;Suppr
Back;008;014;Back
Shift+Back;008;014;Back
Ctrl+Back;127;014;Back
Alt+Back;000;008;Back
